<?xml version="1.0" encoding="UTF-8"?>
<!-- Generated by org.testng.reporters.JUnitReportReporter -->
<testsuite hostname="DESKTOP-77V09BK" failures="0" tests="1" name="MavenPackagepractice.MavenProjectpractice.testcase1" time="17.910" errors="0" timestamp="2024-12-04T16:11:01 IST" skipped="0">
  <testcase classname="MavenPackagepractice.MavenProjectpractice.testcase1" name="logintoAMZ" time="17.910"/>
</testsuite> <!-- MavenPackagepractice.MavenProjectpractice.testcase1 -->
